<?xml version="1.0" encoding="UTF-8"?>
<!-- Generated by org.testng.reporters.JUnitReportReporter -->
<testsuite skipped="0" hostname="Kumanans-MacBook-Pro.local" name="JIIRAAssignments.CreateIssueBodyString" tests="1" failures="0" timestamp="2020-05-20T21:12:20 IST" time="3.150" errors="0">
  <testcase name="createNewIssue" time="3.150" classname="JIIRAAssignments.CreateIssueBodyString"/>
</testsuite> <!-- JIIRAAssignments.CreateIssueBodyString -->
