<?xml version="1.0" encoding="UTF-8"?>
<!-- Generated by org.testng.reporters.JUnitReportReporter -->
<testsuite skipped="0" hostname="Kumanans-MacBook-Pro.local" name="Post.CreateCR" tests="1" failures="0" timestamp="2020-05-17T11:30:03 IST" time="5.445" errors="0">
  <testcase name="createCR" time="5.445" classname="Post.CreateCR"/>
</testsuite> <!-- Post.CreateCR -->
