<?xml version="1.0" encoding="UTF-8"?>
<!-- Generated by org.testng.reporters.JUnitReportReporter -->
<testsuite skipped="0" hostname="Kumanans-MacBook-Pro.local" name="Basics.CreateCR" tests="1" failures="0" timestamp="2020-05-17T10:15:17 IST" time="5.461" errors="0">
  <testcase name="createCR" time="5.461" classname="Basics.CreateCR"/>
</testsuite> <!-- Basics.CreateCR -->
