<?xml version="1.0" encoding="UTF-8"?>
<!-- Generated by org.testng.reporters.JUnitReportReporter -->
<testsuite skipped="0" hostname="Kumanans-MacBook-Pro.local" name="Basics.ChangeRequest" tests="1" failures="0" timestamp="2020-05-16T17:22:28 IST" time="9.921" errors="0">
  <testcase name="changeRequest" time="9.921" classname="Basics.ChangeRequest"/>
</testsuite> <!-- Basics.ChangeRequest -->
