<?xml version="1.0" encoding="UTF-8"?>
<!-- Generated by org.testng.reporters.JUnitReportReporter -->
<testsuite skipped="0" hostname="Kumanans-MacBook-Pro.local" name="Post.UpdateCR" tests="1" failures="0" timestamp="2020-05-19T16:24:00 IST" time="7.040" errors="0">
  <testcase name="updateCR" time="7.040" classname="Post.UpdateCR"/>
</testsuite> <!-- Post.UpdateCR -->
