<?xml version="1.0" encoding="UTF-8"?>
<!-- Generated by org.testng.reporters.JUnitReportReporter -->
<testsuite skipped="0" hostname="Kumanans-MacBook-Pro.local" name="JIIRAAssignments.Create3issuesDataProvider" tests="3" failures="0" timestamp="2020-05-20T15:46:24 IST" time="8.756" errors="0">
  <testcase name="CreateCRfile" time="2.907" classname="JIIRAAssignments.Create3issuesDataProvider"/>
  <testcase name="CreateCRfile" time="2.908" classname="JIIRAAssignments.Create3issuesDataProvider"/>
  <testcase name="CreateCRfile" time="2.941" classname="JIIRAAssignments.Create3issuesDataProvider"/>
</testsuite> <!-- JIIRAAssignments.Create3issuesDataProvider -->
