<?xml version="1.0" encoding="UTF-8"?>
<!-- Generated by org.testng.reporters.JUnitReportReporter -->
<testsuite skipped="0" hostname="Kumanans-MacBook-Pro.local" name="Basics.GetAllChangeRequests" tests="1" failures="0" timestamp="2020-05-16T12:57:07 IST" time="7.751" errors="0">
  <testcase name="getAllChangeRequests" time="7.751" classname="Basics.GetAllChangeRequests"/>
</testsuite> <!-- Basics.GetAllChangeRequests -->
