<?xml version="1.0" encoding="UTF-8"?>
<!-- Generated by org.testng.reporters.JUnitReportReporter -->
<testsuite skipped="0" hostname="Kumanans-MacBook-Pro.local" name="Runner.RunCucumberTests" tests="5" failures="0" timestamp="2020-05-23T11:07:06 IST" time="20.077" errors="0">
  <testcase name="runScenario" time="3.269" classname="Runner.RunCucumberTests"/>
  <testcase name="runScenario" time="7.328" classname="Runner.RunCucumberTests"/>
  <testcase name="runScenario" time="3.014" classname="Runner.RunCucumberTests"/>
  <testcase name="runScenario" time="3.141" classname="Runner.RunCucumberTests"/>
  <testcase name="runScenario" time="3.325" classname="Runner.RunCucumberTests"/>
</testsuite> <!-- Runner.RunCucumberTests -->
