<?xml version="1.0" encoding="UTF-8"?>
<!-- Generated by org.testng.reporters.JUnitReportReporter -->
<testsuite skipped="0" hostname="Kumanans-MacBook-Pro.local" name="JIIRAAssignments.GetAllIssueswithin24hrs" tests="1" failures="0" timestamp="2020-05-20T20:36:21 IST" time="7.249" errors="0">
  <testcase name="getAllIsssues" time="7.249" classname="JIIRAAssignments.GetAllIssueswithin24hrs"/>
</testsuite> <!-- JIIRAAssignments.GetAllIssueswithin24hrs -->
