<?xml version="1.0" encoding="UTF-8"?>
<!-- Generated by org.testng.reporters.JUnitReportReporter -->
<testsuite skipped="0" hostname="Kumanans-MacBook-Pro.local" name="JIIRAAssignments.DeleteIssue" tests="1" failures="0" timestamp="2020-05-20T22:05:47 IST" time="7.559" errors="0">
  <testcase name="deleteIssue" time="7.559" classname="JIIRAAssignments.DeleteIssue"/>
</testsuite> <!-- JIIRAAssignments.DeleteIssue -->
