<?xml version="1.0" encoding="UTF-8"?>
<!-- Generated by org.testng.reporters.JUnitReportReporter -->
<testsuite skipped="0" hostname="Kumanans-MacBook-Pro.local" name="Post.UpdateCR_datafile" tests="1" failures="0" timestamp="2020-05-19T17:16:30 IST" time="8.673" errors="0">
  <testcase name="updateCRfile" time="8.673" classname="Post.UpdateCR_datafile"/>
</testsuite> <!-- Post.UpdateCR_datafile -->
