<?xml version="1.0" encoding="UTF-8"?>
<!-- Generated by org.testng.reporters.JUnitReportReporter -->
<testsuite skipped="0" hostname="Kumanans-MacBook-Pro.local" name="Chaining.CreateCR" tests="1" failures="0" timestamp="2020-05-17T15:53:45 IST" time="8.792" errors="0">
  <testcase name="createCR" time="8.792" classname="Chaining.CreateCR"/>
</testsuite> <!-- Chaining.CreateCR -->
