<?xml version="1.0" encoding="UTF-8"?>
<!-- Generated by org.testng.reporters.JUnitReportReporter -->
<testsuite skipped="0" hostname="Kumanans-MacBook-Pro.local" name="Post.DeleteCR" tests="1" failures="0" timestamp="2020-05-17T11:30:36 IST" time="5.594" errors="0">
  <testcase name="deleteCR" time="5.594" classname="Post.DeleteCR"/>
</testsuite> <!-- Post.DeleteCR -->
