<?xml version="1.0" encoding="UTF-8"?>
<!-- Generated by org.testng.reporters.JUnitReportReporter -->
<testsuite skipped="0" hostname="Kumanans-MacBook-Pro.local" name="Basics.CreateCRfile" tests="2" failures="0" timestamp="2020-05-17T10:37:43 IST" time="10.857" errors="0">
  <testcase name="CreateCRfile" time="5.431" classname="Basics.CreateCRfile"/>
  <testcase name="CreateCRfile" time="5.426" classname="Basics.CreateCRfile"/>
</testsuite> <!-- Basics.CreateCRfile -->
