<?xml version="1.0" encoding="UTF-8"?>
<!-- Generated by org.testng.reporters.JUnitReportReporter -->
<testsuite skipped="0" hostname="Kumanans-MacBook-Pro.local" name="JIIRAAssignments.CreateNewIssue" tests="1" failures="0" timestamp="2020-05-20T15:27:39 IST" time="2.568" errors="0">
  <testcase name="createNewIssue" time="2.568" classname="JIIRAAssignments.CreateNewIssue"/>
</testsuite> <!-- JIIRAAssignments.CreateNewIssue -->
